22:43:22 DEBUG : Logs will be stored at 'C:/Users/Arjun/Documents/ECE/385/ece-385-run3/run3/workspace/IDE.log'.
22:43:27 INFO  : Launching XSCT server: xsct.bat -n  -interactive C:\Users\Arjun\Documents\ECE\385\ece-385-run3\run3\workspace\temp_xsdb_launch_script.tcl
22:43:27 INFO  : Registering command handlers for Vitis TCF services
22:43:27 INFO  : Platform repository initialization has completed.
22:43:35 INFO  : XSCT server has started successfully.
22:43:35 INFO  : plnx-install-location is set to ''
22:43:41 INFO  : Successfully done setting XSCT server connection channel  
22:43:41 INFO  : Successfully done query RDI_DATADIR 
22:43:41 INFO  : Successfully done setting workspace for the tool. 
22:45:05 INFO  : Result from executing command 'getProjects': mb_usb_hdmi_top
22:45:05 INFO  : Result from executing command 'getPlatforms': 
22:45:05 WARN  : An unexpected exception occurred in the module 'platform project logging'
22:45:06 INFO  : Platform 'mb_usb_hdmi_top' is added to custom repositories.
22:45:09 INFO  : Platform 'mb_usb_hdmi_top' is added to custom repositories.
22:51:44 INFO  : Hardware specification for platform project 'mb_usb_hdmi_top' is updated.
22:53:25 INFO  : Result from executing command 'getProjects': mb_usb_hdmi_top
22:53:25 INFO  : Result from executing command 'getPlatforms': mb_usb_hdmi_top|C:/Users/Arjun/Documents/ECE/385/ece-385-run3/run3/workspace/mb_usb_hdmi_top/export/mb_usb_hdmi_top/mb_usb_hdmi_top.xpfm
22:53:25 INFO  : Checking for BSP changes to sync application flags for project 'run3'...
22:54:16 INFO  : Connected to target on host '127.0.0.1' and port '3121'.
22:54:34 INFO  : ----------------XSDB Script----------------
connect -url tcp:127.0.0.1:3121
----------------End of Script----------------

22:54:34 ERROR : Could not find FPGA device on the board for connection 'Local'.


Troubleshooting hints:
1. Check whether board is connected to system properly.
2. In case of zynq board, check whether Digilent/Xilinx cable switch settings are correct.
3. If you are using Xilinx Platform Cable USB, ensure that status LED is green.
22:55:04 INFO  : Connected to target on host '127.0.0.1' and port '3121'.
22:55:04 INFO  : Jtag cable 'RealDigital Boo 8874292300A7A' is selected.
22:55:04 INFO  : 'jtag frequency' command is executed.
22:55:04 INFO  : 'targets -set -filter {jtag_cable_name =~ "RealDigital Boo 8874292300A7A" && level==0 && jtag_device_ctx=="jsn1-0362f093-0"}' command is executed.
22:55:05 INFO  : Device configured successfully with "C:/Users/Arjun/Documents/ECE/385/ece-385-run3/run3/workspace/run3/_ide/bitstream/mb_usb_hdmi_top.bit"
22:55:05 INFO  : Context for processor 'microblaze_0' is selected.
22:55:05 INFO  : Hardware design and registers information is loaded from 'C:/Users/Arjun/Documents/ECE/385/ece-385-run3/run3/workspace/mb_usb_hdmi_top/export/mb_usb_hdmi_top/hw/mb_usb_hdmi_top.xsa'.
22:55:05 INFO  : 'configparams mdm-detect-bscan-mask 2' command is executed.
22:55:05 INFO  : Context for processor 'microblaze_0' is selected.
22:55:05 INFO  : System reset is completed.
22:55:08 INFO  : 'after 3000' command is executed.
22:55:08 INFO  : Context for processor 'microblaze_0' is selected.
22:55:08 INFO  : The application 'C:/Users/Arjun/Documents/ECE/385/ece-385-run3/run3/workspace/run3/Debug/run3.elf' is downloaded to processor 'microblaze_0'.
22:55:08 INFO  : ----------------XSDB Script----------------
connect -url tcp:127.0.0.1:3121
targets -set -filter {jtag_cable_name =~ "RealDigital Boo 8874292300A7A" && level==0 && jtag_device_ctx=="jsn1-0362f093-0"}
fpga -file C:/Users/Arjun/Documents/ECE/385/ece-385-run3/run3/workspace/run3/_ide/bitstream/mb_usb_hdmi_top.bit
targets -set -nocase -filter {name =~ "*microblaze*#0" && bscan=="USER2" }
loadhw -hw C:/Users/Arjun/Documents/ECE/385/ece-385-run3/run3/workspace/mb_usb_hdmi_top/export/mb_usb_hdmi_top/hw/mb_usb_hdmi_top.xsa -regs
configparams mdm-detect-bscan-mask 2
targets -set -nocase -filter {name =~ "*microblaze*#0" && bscan=="USER2" }
rst -system
after 3000
targets -set -nocase -filter {name =~ "*microblaze*#0" && bscan=="USER2" }
dow C:/Users/Arjun/Documents/ECE/385/ece-385-run3/run3/workspace/run3/Debug/run3.elf
----------------End of Script----------------

22:55:08 INFO  : Context for processor 'microblaze_0' is selected.
22:55:08 INFO  : 'con' command is executed.
22:55:08 INFO  : ----------------XSDB Script (After Launch)----------------
targets -set -nocase -filter {name =~ "*microblaze*#0" && bscan=="USER2" }
con
----------------End of Script----------------

22:55:08 INFO  : Disconnected from the channel tcfchan#2.
23:29:09 INFO  : Hardware specification for platform project 'mb_usb_hdmi_top' is updated.
23:30:39 INFO  : Hardware specification for platform project 'mb_usb_hdmi_top' is updated.
23:31:00 INFO  : Result from executing command 'getProjects': mb_usb_hdmi_top
23:31:00 INFO  : Result from executing command 'getPlatforms': mb_usb_hdmi_top|C:/Users/Arjun/Documents/ECE/385/ece-385-run3/run3/workspace/mb_usb_hdmi_top/export/mb_usb_hdmi_top/mb_usb_hdmi_top.xpfm
23:31:01 INFO  : Checking for BSP changes to sync application flags for project 'run3'...
23:31:06 INFO  : The hardware specification used by project 'run3' is out of sync with the platform. Resource files extracted from the hardware specification will be updated.
23:31:06 INFO  : The file 'C:\Users\Arjun\Documents\ECE\385\ece-385-run3\run3\workspace\run3\_ide\bitstream\mb_usb_hdmi_top.bit' stored in project is removed.
23:31:06 INFO  : The file 'C:\Users\Arjun\Documents\ECE\385\ece-385-run3\run3\workspace\run3\_ide\bitstream\mb_usb_hdmi_top.mmi' stored in project is removed.
23:31:06 INFO  : The updated bitstream files are copied from platform to folder 'C:\Users\Arjun\Documents\ECE\385\ece-385-run3\run3\workspace\run3\_ide\bitstream' in project 'run3'.
23:31:25 INFO  : Connected to target on host '127.0.0.1' and port '3121'.
23:31:25 INFO  : Jtag cable 'RealDigital Boo 8874292300A7A' is selected.
23:31:25 INFO  : 'jtag frequency' command is executed.
23:31:25 INFO  : 'targets -set -filter {jtag_cable_name =~ "RealDigital Boo 8874292300A7A" && level==0 && jtag_device_ctx=="jsn1-0362f093-0"}' command is executed.
23:31:27 INFO  : Device configured successfully with "C:/Users/Arjun/Documents/ECE/385/ece-385-run3/run3/workspace/run3/_ide/bitstream/mb_usb_hdmi_top.bit"
23:31:27 INFO  : Context for processor 'microblaze_0' is selected.
23:31:27 INFO  : Hardware design and registers information is loaded from 'C:/Users/Arjun/Documents/ECE/385/ece-385-run3/run3/workspace/mb_usb_hdmi_top/export/mb_usb_hdmi_top/hw/mb_usb_hdmi_top.xsa'.
23:31:27 INFO  : 'configparams mdm-detect-bscan-mask 2' command is executed.
23:31:27 INFO  : Context for processor 'microblaze_0' is selected.
23:31:27 INFO  : System reset is completed.
23:31:30 INFO  : 'after 3000' command is executed.
23:31:30 INFO  : Context for processor 'microblaze_0' is selected.
23:31:30 INFO  : The application 'C:/Users/Arjun/Documents/ECE/385/ece-385-run3/run3/workspace/run3/Debug/run3.elf' is downloaded to processor 'microblaze_0'.
23:31:30 INFO  : ----------------XSDB Script----------------
connect -url tcp:127.0.0.1:3121
targets -set -filter {jtag_cable_name =~ "RealDigital Boo 8874292300A7A" && level==0 && jtag_device_ctx=="jsn1-0362f093-0"}
fpga -file C:/Users/Arjun/Documents/ECE/385/ece-385-run3/run3/workspace/run3/_ide/bitstream/mb_usb_hdmi_top.bit
targets -set -nocase -filter {name =~ "*microblaze*#0" && bscan=="USER2" }
loadhw -hw C:/Users/Arjun/Documents/ECE/385/ece-385-run3/run3/workspace/mb_usb_hdmi_top/export/mb_usb_hdmi_top/hw/mb_usb_hdmi_top.xsa -regs
configparams mdm-detect-bscan-mask 2
targets -set -nocase -filter {name =~ "*microblaze*#0" && bscan=="USER2" }
rst -system
after 3000
targets -set -nocase -filter {name =~ "*microblaze*#0" && bscan=="USER2" }
dow C:/Users/Arjun/Documents/ECE/385/ece-385-run3/run3/workspace/run3/Debug/run3.elf
----------------End of Script----------------

23:31:30 INFO  : Context for processor 'microblaze_0' is selected.
23:31:30 INFO  : 'con' command is executed.
23:31:30 INFO  : ----------------XSDB Script (After Launch)----------------
targets -set -nocase -filter {name =~ "*microblaze*#0" && bscan=="USER2" }
con
----------------End of Script----------------

23:31:30 INFO  : Disconnected from the channel tcfchan#4.
23:50:45 INFO  : Hardware specification for platform project 'mb_usb_hdmi_top' is updated.
23:51:02 INFO  : Result from executing command 'getProjects': mb_usb_hdmi_top
23:51:02 INFO  : Result from executing command 'getPlatforms': mb_usb_hdmi_top|C:/Users/Arjun/Documents/ECE/385/ece-385-run3/run3/workspace/mb_usb_hdmi_top/export/mb_usb_hdmi_top/mb_usb_hdmi_top.xpfm
23:51:03 INFO  : Checking for BSP changes to sync application flags for project 'run3'...
23:51:06 INFO  : The hardware specification used by project 'run3' is out of sync with the platform. Resource files extracted from the hardware specification will be updated.
23:51:06 INFO  : The file 'C:\Users\Arjun\Documents\ECE\385\ece-385-run3\run3\workspace\run3\_ide\bitstream\mb_usb_hdmi_top.bit' stored in project is removed.
23:51:06 INFO  : The file 'C:\Users\Arjun\Documents\ECE\385\ece-385-run3\run3\workspace\run3\_ide\bitstream\mb_usb_hdmi_top.mmi' stored in project is removed.
23:51:06 INFO  : The updated bitstream files are copied from platform to folder 'C:\Users\Arjun\Documents\ECE\385\ece-385-run3\run3\workspace\run3\_ide\bitstream' in project 'run3'.
23:51:22 INFO  : Connected to target on host '127.0.0.1' and port '3121'.
23:51:22 INFO  : Jtag cable 'RealDigital Boo 8874292300A7A' is selected.
23:51:22 INFO  : 'jtag frequency' command is executed.
23:51:22 INFO  : 'targets -set -filter {jtag_cable_name =~ "RealDigital Boo 8874292300A7A" && level==0 && jtag_device_ctx=="jsn1-0362f093-0"}' command is executed.
23:51:24 INFO  : Device configured successfully with "C:/Users/Arjun/Documents/ECE/385/ece-385-run3/run3/workspace/run3/_ide/bitstream/mb_usb_hdmi_top.bit"
23:51:24 INFO  : Context for processor 'microblaze_0' is selected.
23:51:24 INFO  : Hardware design and registers information is loaded from 'C:/Users/Arjun/Documents/ECE/385/ece-385-run3/run3/workspace/mb_usb_hdmi_top/export/mb_usb_hdmi_top/hw/mb_usb_hdmi_top.xsa'.
23:51:24 INFO  : 'configparams mdm-detect-bscan-mask 2' command is executed.
23:51:24 INFO  : Context for processor 'microblaze_0' is selected.
23:51:24 INFO  : System reset is completed.
23:51:27 INFO  : 'after 3000' command is executed.
23:51:27 INFO  : Context for processor 'microblaze_0' is selected.
23:51:27 INFO  : The application 'C:/Users/Arjun/Documents/ECE/385/ece-385-run3/run3/workspace/run3/Debug/run3.elf' is downloaded to processor 'microblaze_0'.
23:51:27 INFO  : ----------------XSDB Script----------------
connect -url tcp:127.0.0.1:3121
targets -set -filter {jtag_cable_name =~ "RealDigital Boo 8874292300A7A" && level==0 && jtag_device_ctx=="jsn1-0362f093-0"}
fpga -file C:/Users/Arjun/Documents/ECE/385/ece-385-run3/run3/workspace/run3/_ide/bitstream/mb_usb_hdmi_top.bit
targets -set -nocase -filter {name =~ "*microblaze*#0" && bscan=="USER2" }
loadhw -hw C:/Users/Arjun/Documents/ECE/385/ece-385-run3/run3/workspace/mb_usb_hdmi_top/export/mb_usb_hdmi_top/hw/mb_usb_hdmi_top.xsa -regs
configparams mdm-detect-bscan-mask 2
targets -set -nocase -filter {name =~ "*microblaze*#0" && bscan=="USER2" }
rst -system
after 3000
targets -set -nocase -filter {name =~ "*microblaze*#0" && bscan=="USER2" }
dow C:/Users/Arjun/Documents/ECE/385/ece-385-run3/run3/workspace/run3/Debug/run3.elf
----------------End of Script----------------

23:51:27 INFO  : Context for processor 'microblaze_0' is selected.
23:51:27 INFO  : 'con' command is executed.
23:51:27 INFO  : ----------------XSDB Script (After Launch)----------------
targets -set -nocase -filter {name =~ "*microblaze*#0" && bscan=="USER2" }
con
----------------End of Script----------------

23:51:27 INFO  : Disconnected from the channel tcfchan#6.
23:55:47 INFO  : Hardware specification for platform project 'mb_usb_hdmi_top' is updated.
23:56:02 INFO  : Result from executing command 'getProjects': mb_usb_hdmi_top
23:56:02 INFO  : Result from executing command 'getPlatforms': mb_usb_hdmi_top|C:/Users/Arjun/Documents/ECE/385/ece-385-run3/run3/workspace/mb_usb_hdmi_top/export/mb_usb_hdmi_top/mb_usb_hdmi_top.xpfm
23:56:03 INFO  : Checking for BSP changes to sync application flags for project 'run3'...
23:56:07 INFO  : The hardware specification used by project 'run3' is out of sync with the platform. Resource files extracted from the hardware specification will be updated.
23:56:07 INFO  : The file 'C:\Users\Arjun\Documents\ECE\385\ece-385-run3\run3\workspace\run3\_ide\bitstream\mb_usb_hdmi_top.bit' stored in project is removed.
23:56:07 INFO  : The file 'C:\Users\Arjun\Documents\ECE\385\ece-385-run3\run3\workspace\run3\_ide\bitstream\mb_usb_hdmi_top.mmi' stored in project is removed.
23:56:07 INFO  : The updated bitstream files are copied from platform to folder 'C:\Users\Arjun\Documents\ECE\385\ece-385-run3\run3\workspace\run3\_ide\bitstream' in project 'run3'.
23:56:21 INFO  : Connected to target on host '127.0.0.1' and port '3121'.
23:56:22 INFO  : Jtag cable 'RealDigital Boo 8874292300A7A' is selected.
23:56:22 INFO  : 'jtag frequency' command is executed.
23:56:22 INFO  : 'targets -set -filter {jtag_cable_name =~ "RealDigital Boo 8874292300A7A" && level==0 && jtag_device_ctx=="jsn1-0362f093-0"}' command is executed.
23:56:23 INFO  : Device configured successfully with "C:/Users/Arjun/Documents/ECE/385/ece-385-run3/run3/workspace/run3/_ide/bitstream/mb_usb_hdmi_top.bit"
23:56:23 INFO  : Context for processor 'microblaze_0' is selected.
23:56:23 INFO  : Hardware design and registers information is loaded from 'C:/Users/Arjun/Documents/ECE/385/ece-385-run3/run3/workspace/mb_usb_hdmi_top/export/mb_usb_hdmi_top/hw/mb_usb_hdmi_top.xsa'.
23:56:23 INFO  : 'configparams mdm-detect-bscan-mask 2' command is executed.
23:56:23 INFO  : Context for processor 'microblaze_0' is selected.
23:56:23 INFO  : System reset is completed.
23:56:26 INFO  : 'after 3000' command is executed.
23:56:26 INFO  : Context for processor 'microblaze_0' is selected.
23:56:26 INFO  : The application 'C:/Users/Arjun/Documents/ECE/385/ece-385-run3/run3/workspace/run3/Debug/run3.elf' is downloaded to processor 'microblaze_0'.
23:56:26 INFO  : ----------------XSDB Script----------------
connect -url tcp:127.0.0.1:3121
targets -set -filter {jtag_cable_name =~ "RealDigital Boo 8874292300A7A" && level==0 && jtag_device_ctx=="jsn1-0362f093-0"}
fpga -file C:/Users/Arjun/Documents/ECE/385/ece-385-run3/run3/workspace/run3/_ide/bitstream/mb_usb_hdmi_top.bit
targets -set -nocase -filter {name =~ "*microblaze*#0" && bscan=="USER2" }
loadhw -hw C:/Users/Arjun/Documents/ECE/385/ece-385-run3/run3/workspace/mb_usb_hdmi_top/export/mb_usb_hdmi_top/hw/mb_usb_hdmi_top.xsa -regs
configparams mdm-detect-bscan-mask 2
targets -set -nocase -filter {name =~ "*microblaze*#0" && bscan=="USER2" }
rst -system
after 3000
targets -set -nocase -filter {name =~ "*microblaze*#0" && bscan=="USER2" }
dow C:/Users/Arjun/Documents/ECE/385/ece-385-run3/run3/workspace/run3/Debug/run3.elf
----------------End of Script----------------

23:56:26 INFO  : Context for processor 'microblaze_0' is selected.
23:56:26 INFO  : 'con' command is executed.
23:56:26 INFO  : ----------------XSDB Script (After Launch)----------------
targets -set -nocase -filter {name =~ "*microblaze*#0" && bscan=="USER2" }
con
----------------End of Script----------------

23:56:26 INFO  : Disconnected from the channel tcfchan#8.
00:02:07 INFO  : Hardware specification for platform project 'mb_usb_hdmi_top' is updated.
00:02:21 INFO  : Result from executing command 'getProjects': mb_usb_hdmi_top
00:02:21 INFO  : Result from executing command 'getPlatforms': mb_usb_hdmi_top|C:/Users/Arjun/Documents/ECE/385/ece-385-run3/run3/workspace/mb_usb_hdmi_top/export/mb_usb_hdmi_top/mb_usb_hdmi_top.xpfm
00:02:21 INFO  : Checking for BSP changes to sync application flags for project 'run3'...
00:02:24 INFO  : The hardware specification used by project 'run3' is out of sync with the platform. Resource files extracted from the hardware specification will be updated.
00:02:24 INFO  : The file 'C:\Users\Arjun\Documents\ECE\385\ece-385-run3\run3\workspace\run3\_ide\bitstream\mb_usb_hdmi_top.bit' stored in project is removed.
00:02:24 INFO  : The file 'C:\Users\Arjun\Documents\ECE\385\ece-385-run3\run3\workspace\run3\_ide\bitstream\mb_usb_hdmi_top.mmi' stored in project is removed.
00:02:24 INFO  : The updated bitstream files are copied from platform to folder 'C:\Users\Arjun\Documents\ECE\385\ece-385-run3\run3\workspace\run3\_ide\bitstream' in project 'run3'.
00:02:38 INFO  : Connected to target on host '127.0.0.1' and port '3121'.
00:02:38 INFO  : Jtag cable 'RealDigital Boo 8874292300A7A' is selected.
00:02:38 INFO  : 'jtag frequency' command is executed.
00:02:38 INFO  : 'targets -set -filter {jtag_cable_name =~ "RealDigital Boo 8874292300A7A" && level==0 && jtag_device_ctx=="jsn1-0362f093-0"}' command is executed.
00:02:39 INFO  : Device configured successfully with "C:/Users/Arjun/Documents/ECE/385/ece-385-run3/run3/workspace/run3/_ide/bitstream/mb_usb_hdmi_top.bit"
00:02:40 INFO  : Context for processor 'microblaze_0' is selected.
00:02:40 INFO  : Hardware design and registers information is loaded from 'C:/Users/Arjun/Documents/ECE/385/ece-385-run3/run3/workspace/mb_usb_hdmi_top/export/mb_usb_hdmi_top/hw/mb_usb_hdmi_top.xsa'.
00:02:40 INFO  : 'configparams mdm-detect-bscan-mask 2' command is executed.
00:02:40 INFO  : Context for processor 'microblaze_0' is selected.
00:02:40 INFO  : System reset is completed.
00:02:43 INFO  : 'after 3000' command is executed.
00:02:43 INFO  : Context for processor 'microblaze_0' is selected.
00:02:43 INFO  : The application 'C:/Users/Arjun/Documents/ECE/385/ece-385-run3/run3/workspace/run3/Debug/run3.elf' is downloaded to processor 'microblaze_0'.
00:02:43 INFO  : ----------------XSDB Script----------------
connect -url tcp:127.0.0.1:3121
targets -set -filter {jtag_cable_name =~ "RealDigital Boo 8874292300A7A" && level==0 && jtag_device_ctx=="jsn1-0362f093-0"}
fpga -file C:/Users/Arjun/Documents/ECE/385/ece-385-run3/run3/workspace/run3/_ide/bitstream/mb_usb_hdmi_top.bit
targets -set -nocase -filter {name =~ "*microblaze*#0" && bscan=="USER2" }
loadhw -hw C:/Users/Arjun/Documents/ECE/385/ece-385-run3/run3/workspace/mb_usb_hdmi_top/export/mb_usb_hdmi_top/hw/mb_usb_hdmi_top.xsa -regs
configparams mdm-detect-bscan-mask 2
targets -set -nocase -filter {name =~ "*microblaze*#0" && bscan=="USER2" }
rst -system
after 3000
targets -set -nocase -filter {name =~ "*microblaze*#0" && bscan=="USER2" }
dow C:/Users/Arjun/Documents/ECE/385/ece-385-run3/run3/workspace/run3/Debug/run3.elf
----------------End of Script----------------

00:02:43 INFO  : Context for processor 'microblaze_0' is selected.
00:02:43 INFO  : 'con' command is executed.
00:02:43 INFO  : ----------------XSDB Script (After Launch)----------------
targets -set -nocase -filter {name =~ "*microblaze*#0" && bscan=="USER2" }
con
----------------End of Script----------------

00:02:43 INFO  : Disconnected from the channel tcfchan#10.
00:46:42 INFO  : Hardware specification for platform project 'mb_usb_hdmi_top' is updated.
00:47:10 INFO  : Result from executing command 'getProjects': mb_usb_hdmi_top
00:47:10 INFO  : Result from executing command 'getPlatforms': mb_usb_hdmi_top|C:/Users/Arjun/Documents/ECE/385/ece-385-run3/run3/workspace/mb_usb_hdmi_top/export/mb_usb_hdmi_top/mb_usb_hdmi_top.xpfm
00:47:10 INFO  : Checking for BSP changes to sync application flags for project 'run3'...
00:47:15 INFO  : The hardware specification used by project 'run3' is out of sync with the platform. Resource files extracted from the hardware specification will be updated.
00:47:15 INFO  : The file 'C:\Users\Arjun\Documents\ECE\385\ece-385-run3\run3\workspace\run3\_ide\bitstream\mb_usb_hdmi_top.bit' stored in project is removed.
00:47:15 INFO  : The file 'C:\Users\Arjun\Documents\ECE\385\ece-385-run3\run3\workspace\run3\_ide\bitstream\mb_usb_hdmi_top.mmi' stored in project is removed.
00:47:15 INFO  : The updated bitstream files are copied from platform to folder 'C:\Users\Arjun\Documents\ECE\385\ece-385-run3\run3\workspace\run3\_ide\bitstream' in project 'run3'.
00:47:32 INFO  : Checking for BSP changes to sync application flags for project 'run3'...
00:47:39 INFO  : Connected to target on host '127.0.0.1' and port '3121'.
00:47:39 INFO  : Jtag cable 'RealDigital Boo 8874292300A7A' is selected.
00:47:39 INFO  : 'jtag frequency' command is executed.
00:47:39 INFO  : 'targets -set -filter {jtag_cable_name =~ "RealDigital Boo 8874292300A7A" && level==0 && jtag_device_ctx=="jsn1-0362f093-0"}' command is executed.
00:47:40 INFO  : Device configured successfully with "C:/Users/Arjun/Documents/ECE/385/ece-385-run3/run3/workspace/run3/_ide/bitstream/mb_usb_hdmi_top.bit"
00:47:40 INFO  : Context for processor 'microblaze_0' is selected.
00:47:40 INFO  : Hardware design and registers information is loaded from 'C:/Users/Arjun/Documents/ECE/385/ece-385-run3/run3/workspace/mb_usb_hdmi_top/export/mb_usb_hdmi_top/hw/mb_usb_hdmi_top.xsa'.
00:47:40 INFO  : 'configparams mdm-detect-bscan-mask 2' command is executed.
00:47:40 INFO  : Context for processor 'microblaze_0' is selected.
00:47:40 INFO  : System reset is completed.
00:47:44 INFO  : 'after 3000' command is executed.
00:47:44 INFO  : Context for processor 'microblaze_0' is selected.
00:47:44 INFO  : The application 'C:/Users/Arjun/Documents/ECE/385/ece-385-run3/run3/workspace/run3/Debug/run3.elf' is downloaded to processor 'microblaze_0'.
00:47:44 INFO  : ----------------XSDB Script----------------
connect -url tcp:127.0.0.1:3121
targets -set -filter {jtag_cable_name =~ "RealDigital Boo 8874292300A7A" && level==0 && jtag_device_ctx=="jsn1-0362f093-0"}
fpga -file C:/Users/Arjun/Documents/ECE/385/ece-385-run3/run3/workspace/run3/_ide/bitstream/mb_usb_hdmi_top.bit
targets -set -nocase -filter {name =~ "*microblaze*#0" && bscan=="USER2" }
loadhw -hw C:/Users/Arjun/Documents/ECE/385/ece-385-run3/run3/workspace/mb_usb_hdmi_top/export/mb_usb_hdmi_top/hw/mb_usb_hdmi_top.xsa -regs
configparams mdm-detect-bscan-mask 2
targets -set -nocase -filter {name =~ "*microblaze*#0" && bscan=="USER2" }
rst -system
after 3000
targets -set -nocase -filter {name =~ "*microblaze*#0" && bscan=="USER2" }
dow C:/Users/Arjun/Documents/ECE/385/ece-385-run3/run3/workspace/run3/Debug/run3.elf
----------------End of Script----------------

00:47:44 INFO  : Context for processor 'microblaze_0' is selected.
00:47:44 INFO  : 'con' command is executed.
00:47:44 INFO  : ----------------XSDB Script (After Launch)----------------
targets -set -nocase -filter {name =~ "*microblaze*#0" && bscan=="USER2" }
con
----------------End of Script----------------

00:47:44 INFO  : Disconnected from the channel tcfchan#12.
00:55:14 INFO  : Hardware specification for platform project 'mb_usb_hdmi_top' is updated.
00:55:28 INFO  : Result from executing command 'getProjects': mb_usb_hdmi_top
00:55:28 INFO  : Result from executing command 'getPlatforms': mb_usb_hdmi_top|C:/Users/Arjun/Documents/ECE/385/ece-385-run3/run3/workspace/mb_usb_hdmi_top/export/mb_usb_hdmi_top/mb_usb_hdmi_top.xpfm
00:55:28 INFO  : Checking for BSP changes to sync application flags for project 'run3'...
00:55:31 INFO  : The hardware specification used by project 'run3' is out of sync with the platform. Resource files extracted from the hardware specification will be updated.
00:55:31 INFO  : The file 'C:\Users\Arjun\Documents\ECE\385\ece-385-run3\run3\workspace\run3\_ide\bitstream\mb_usb_hdmi_top.bit' stored in project is removed.
00:55:31 INFO  : The file 'C:\Users\Arjun\Documents\ECE\385\ece-385-run3\run3\workspace\run3\_ide\bitstream\mb_usb_hdmi_top.mmi' stored in project is removed.
00:55:31 INFO  : The updated bitstream files are copied from platform to folder 'C:\Users\Arjun\Documents\ECE\385\ece-385-run3\run3\workspace\run3\_ide\bitstream' in project 'run3'.
00:55:39 INFO  : Connected to target on host '127.0.0.1' and port '3121'.
00:55:39 INFO  : Jtag cable 'RealDigital Boo 8874292300A7A' is selected.
00:55:39 INFO  : 'jtag frequency' command is executed.
00:55:39 INFO  : 'targets -set -filter {jtag_cable_name =~ "RealDigital Boo 8874292300A7A" && level==0 && jtag_device_ctx=="jsn1-0362f093-0"}' command is executed.
00:55:40 INFO  : Device configured successfully with "C:/Users/Arjun/Documents/ECE/385/ece-385-run3/run3/workspace/run3/_ide/bitstream/mb_usb_hdmi_top.bit"
00:55:41 INFO  : Context for processor 'microblaze_0' is selected.
00:55:41 INFO  : Hardware design and registers information is loaded from 'C:/Users/Arjun/Documents/ECE/385/ece-385-run3/run3/workspace/mb_usb_hdmi_top/export/mb_usb_hdmi_top/hw/mb_usb_hdmi_top.xsa'.
00:55:41 INFO  : 'configparams mdm-detect-bscan-mask 2' command is executed.
00:55:41 INFO  : Context for processor 'microblaze_0' is selected.
00:55:41 INFO  : System reset is completed.
00:55:44 INFO  : 'after 3000' command is executed.
00:55:44 INFO  : Context for processor 'microblaze_0' is selected.
00:55:44 INFO  : The application 'C:/Users/Arjun/Documents/ECE/385/ece-385-run3/run3/workspace/run3/Debug/run3.elf' is downloaded to processor 'microblaze_0'.
00:55:44 INFO  : ----------------XSDB Script----------------
connect -url tcp:127.0.0.1:3121
targets -set -filter {jtag_cable_name =~ "RealDigital Boo 8874292300A7A" && level==0 && jtag_device_ctx=="jsn1-0362f093-0"}
fpga -file C:/Users/Arjun/Documents/ECE/385/ece-385-run3/run3/workspace/run3/_ide/bitstream/mb_usb_hdmi_top.bit
targets -set -nocase -filter {name =~ "*microblaze*#0" && bscan=="USER2" }
loadhw -hw C:/Users/Arjun/Documents/ECE/385/ece-385-run3/run3/workspace/mb_usb_hdmi_top/export/mb_usb_hdmi_top/hw/mb_usb_hdmi_top.xsa -regs
configparams mdm-detect-bscan-mask 2
targets -set -nocase -filter {name =~ "*microblaze*#0" && bscan=="USER2" }
rst -system
after 3000
targets -set -nocase -filter {name =~ "*microblaze*#0" && bscan=="USER2" }
dow C:/Users/Arjun/Documents/ECE/385/ece-385-run3/run3/workspace/run3/Debug/run3.elf
----------------End of Script----------------

00:55:44 INFO  : Context for processor 'microblaze_0' is selected.
00:55:44 INFO  : 'con' command is executed.
00:55:44 INFO  : ----------------XSDB Script (After Launch)----------------
targets -set -nocase -filter {name =~ "*microblaze*#0" && bscan=="USER2" }
con
----------------End of Script----------------

00:55:44 INFO  : Disconnected from the channel tcfchan#14.
01:12:27 INFO  : Hardware specification for platform project 'mb_usb_hdmi_top' is updated.
01:12:51 INFO  : Result from executing command 'getProjects': mb_usb_hdmi_top
01:12:51 INFO  : Result from executing command 'getPlatforms': mb_usb_hdmi_top|C:/Users/Arjun/Documents/ECE/385/ece-385-run3/run3/workspace/mb_usb_hdmi_top/export/mb_usb_hdmi_top/mb_usb_hdmi_top.xpfm
01:12:51 INFO  : Checking for BSP changes to sync application flags for project 'run3'...
01:12:55 INFO  : The hardware specification used by project 'run3' is out of sync with the platform. Resource files extracted from the hardware specification will be updated.
01:12:55 INFO  : The file 'C:\Users\Arjun\Documents\ECE\385\ece-385-run3\run3\workspace\run3\_ide\bitstream\mb_usb_hdmi_top.bit' stored in project is removed.
01:12:55 INFO  : The file 'C:\Users\Arjun\Documents\ECE\385\ece-385-run3\run3\workspace\run3\_ide\bitstream\mb_usb_hdmi_top.mmi' stored in project is removed.
01:12:55 INFO  : The updated bitstream files are copied from platform to folder 'C:\Users\Arjun\Documents\ECE\385\ece-385-run3\run3\workspace\run3\_ide\bitstream' in project 'run3'.
01:13:01 INFO  : Connected to target on host '127.0.0.1' and port '3121'.
01:13:01 INFO  : Jtag cable 'RealDigital Boo 8874292300A7A' is selected.
01:13:01 INFO  : 'jtag frequency' command is executed.
01:13:01 INFO  : 'targets -set -filter {jtag_cable_name =~ "RealDigital Boo 8874292300A7A" && level==0 && jtag_device_ctx=="jsn1-0362f093-0"}' command is executed.
01:13:02 INFO  : Device configured successfully with "C:/Users/Arjun/Documents/ECE/385/ece-385-run3/run3/workspace/run3/_ide/bitstream/mb_usb_hdmi_top.bit"
01:13:03 INFO  : Context for processor 'microblaze_0' is selected.
01:13:03 INFO  : Hardware design and registers information is loaded from 'C:/Users/Arjun/Documents/ECE/385/ece-385-run3/run3/workspace/mb_usb_hdmi_top/export/mb_usb_hdmi_top/hw/mb_usb_hdmi_top.xsa'.
01:13:03 INFO  : 'configparams mdm-detect-bscan-mask 2' command is executed.
01:13:03 INFO  : Context for processor 'microblaze_0' is selected.
01:13:03 INFO  : System reset is completed.
01:13:06 INFO  : 'after 3000' command is executed.
01:13:06 INFO  : Context for processor 'microblaze_0' is selected.
01:13:06 INFO  : The application 'C:/Users/Arjun/Documents/ECE/385/ece-385-run3/run3/workspace/run3/Debug/run3.elf' is downloaded to processor 'microblaze_0'.
01:13:06 INFO  : ----------------XSDB Script----------------
connect -url tcp:127.0.0.1:3121
targets -set -filter {jtag_cable_name =~ "RealDigital Boo 8874292300A7A" && level==0 && jtag_device_ctx=="jsn1-0362f093-0"}
fpga -file C:/Users/Arjun/Documents/ECE/385/ece-385-run3/run3/workspace/run3/_ide/bitstream/mb_usb_hdmi_top.bit
targets -set -nocase -filter {name =~ "*microblaze*#0" && bscan=="USER2" }
loadhw -hw C:/Users/Arjun/Documents/ECE/385/ece-385-run3/run3/workspace/mb_usb_hdmi_top/export/mb_usb_hdmi_top/hw/mb_usb_hdmi_top.xsa -regs
configparams mdm-detect-bscan-mask 2
targets -set -nocase -filter {name =~ "*microblaze*#0" && bscan=="USER2" }
rst -system
after 3000
targets -set -nocase -filter {name =~ "*microblaze*#0" && bscan=="USER2" }
dow C:/Users/Arjun/Documents/ECE/385/ece-385-run3/run3/workspace/run3/Debug/run3.elf
----------------End of Script----------------

01:13:06 INFO  : Context for processor 'microblaze_0' is selected.
01:13:06 INFO  : 'con' command is executed.
01:13:06 INFO  : ----------------XSDB Script (After Launch)----------------
targets -set -nocase -filter {name =~ "*microblaze*#0" && bscan=="USER2" }
con
----------------End of Script----------------

01:13:06 INFO  : Disconnected from the channel tcfchan#16.
01:18:59 INFO  : Hardware specification for platform project 'mb_usb_hdmi_top' is updated.
01:19:28 INFO  : Result from executing command 'getProjects': mb_usb_hdmi_top
01:19:28 INFO  : Result from executing command 'getPlatforms': mb_usb_hdmi_top|C:/Users/Arjun/Documents/ECE/385/ece-385-run3/run3/workspace/mb_usb_hdmi_top/export/mb_usb_hdmi_top/mb_usb_hdmi_top.xpfm
01:19:28 INFO  : Checking for BSP changes to sync application flags for project 'run3'...
01:20:09 INFO  : Connected to target on host '127.0.0.1' and port '3121'.
01:20:09 INFO  : Jtag cable 'RealDigital Boo 8874292300A7A' is selected.
01:20:09 INFO  : 'jtag frequency' command is executed.
01:20:09 INFO  : 'targets -set -filter {jtag_cable_name =~ "RealDigital Boo 8874292300A7A" && level==0 && jtag_device_ctx=="jsn1-0362f093-0"}' command is executed.
01:20:10 INFO  : Device configured successfully with "C:/Users/Arjun/Documents/ECE/385/ece-385-run3/run3/workspace/run3/_ide/bitstream/mb_usb_hdmi_top.bit"
01:20:10 INFO  : Context for processor 'microblaze_0' is selected.
01:20:10 INFO  : Hardware design and registers information is loaded from 'C:/Users/Arjun/Documents/ECE/385/ece-385-run3/run3/workspace/mb_usb_hdmi_top/export/mb_usb_hdmi_top/hw/mb_usb_hdmi_top.xsa'.
01:20:10 INFO  : 'configparams mdm-detect-bscan-mask 2' command is executed.
01:20:10 INFO  : Context for processor 'microblaze_0' is selected.
01:20:10 INFO  : System reset is completed.
01:20:13 INFO  : 'after 3000' command is executed.
01:20:13 INFO  : Context for processor 'microblaze_0' is selected.
01:20:14 INFO  : The application 'C:/Users/Arjun/Documents/ECE/385/ece-385-run3/run3/workspace/run3/Debug/run3.elf' is downloaded to processor 'microblaze_0'.
01:20:14 INFO  : ----------------XSDB Script----------------
connect -url tcp:127.0.0.1:3121
targets -set -filter {jtag_cable_name =~ "RealDigital Boo 8874292300A7A" && level==0 && jtag_device_ctx=="jsn1-0362f093-0"}
fpga -file C:/Users/Arjun/Documents/ECE/385/ece-385-run3/run3/workspace/run3/_ide/bitstream/mb_usb_hdmi_top.bit
targets -set -nocase -filter {name =~ "*microblaze*#0" && bscan=="USER2" }
loadhw -hw C:/Users/Arjun/Documents/ECE/385/ece-385-run3/run3/workspace/mb_usb_hdmi_top/export/mb_usb_hdmi_top/hw/mb_usb_hdmi_top.xsa -regs
configparams mdm-detect-bscan-mask 2
targets -set -nocase -filter {name =~ "*microblaze*#0" && bscan=="USER2" }
rst -system
after 3000
targets -set -nocase -filter {name =~ "*microblaze*#0" && bscan=="USER2" }
dow C:/Users/Arjun/Documents/ECE/385/ece-385-run3/run3/workspace/run3/Debug/run3.elf
----------------End of Script----------------

01:20:14 INFO  : Context for processor 'microblaze_0' is selected.
01:20:14 INFO  : 'con' command is executed.
01:20:14 INFO  : ----------------XSDB Script (After Launch)----------------
targets -set -nocase -filter {name =~ "*microblaze*#0" && bscan=="USER2" }
con
----------------End of Script----------------

01:20:14 INFO  : Disconnected from the channel tcfchan#18.
01:20:27 INFO  : Connected to target on host '127.0.0.1' and port '3121'.
01:20:28 INFO  : Jtag cable 'RealDigital Boo 8874292300A7A' is selected.
01:20:28 INFO  : 'jtag frequency' command is executed.
01:20:28 INFO  : 'targets -set -filter {jtag_cable_name =~ "RealDigital Boo 8874292300A7A" && level==0 && jtag_device_ctx=="jsn1-0362f093-0"}' command is executed.
01:20:29 INFO  : Device configured successfully with "C:/Users/Arjun/Documents/ECE/385/ece-385-run3/run3/workspace/run3/_ide/bitstream/mb_usb_hdmi_top.bit"
01:20:29 INFO  : Context for processor 'microblaze_0' is selected.
01:20:29 INFO  : Hardware design and registers information is loaded from 'C:/Users/Arjun/Documents/ECE/385/ece-385-run3/run3/workspace/mb_usb_hdmi_top/export/mb_usb_hdmi_top/hw/mb_usb_hdmi_top.xsa'.
01:20:29 INFO  : 'configparams mdm-detect-bscan-mask 2' command is executed.
01:20:29 INFO  : Context for processor 'microblaze_0' is selected.
01:20:29 INFO  : System reset is completed.
01:20:32 INFO  : 'after 3000' command is executed.
01:20:32 INFO  : Context for processor 'microblaze_0' is selected.
01:20:32 INFO  : The application 'C:/Users/Arjun/Documents/ECE/385/ece-385-run3/run3/workspace/run3/Debug/run3.elf' is downloaded to processor 'microblaze_0'.
01:20:32 INFO  : ----------------XSDB Script----------------
connect -url tcp:127.0.0.1:3121
targets -set -filter {jtag_cable_name =~ "RealDigital Boo 8874292300A7A" && level==0 && jtag_device_ctx=="jsn1-0362f093-0"}
fpga -file C:/Users/Arjun/Documents/ECE/385/ece-385-run3/run3/workspace/run3/_ide/bitstream/mb_usb_hdmi_top.bit
targets -set -nocase -filter {name =~ "*microblaze*#0" && bscan=="USER2" }
loadhw -hw C:/Users/Arjun/Documents/ECE/385/ece-385-run3/run3/workspace/mb_usb_hdmi_top/export/mb_usb_hdmi_top/hw/mb_usb_hdmi_top.xsa -regs
configparams mdm-detect-bscan-mask 2
targets -set -nocase -filter {name =~ "*microblaze*#0" && bscan=="USER2" }
rst -system
after 3000
targets -set -nocase -filter {name =~ "*microblaze*#0" && bscan=="USER2" }
dow C:/Users/Arjun/Documents/ECE/385/ece-385-run3/run3/workspace/run3/Debug/run3.elf
----------------End of Script----------------

01:20:32 INFO  : Context for processor 'microblaze_0' is selected.
01:20:32 INFO  : 'con' command is executed.
01:20:32 INFO  : ----------------XSDB Script (After Launch)----------------
targets -set -nocase -filter {name =~ "*microblaze*#0" && bscan=="USER2" }
con
----------------End of Script----------------

01:20:32 INFO  : Disconnected from the channel tcfchan#19.
01:22:28 INFO  : Hardware specification for platform project 'mb_usb_hdmi_top' is updated.
01:22:45 INFO  : Result from executing command 'getProjects': mb_usb_hdmi_top
01:22:45 INFO  : Result from executing command 'getPlatforms': mb_usb_hdmi_top|C:/Users/Arjun/Documents/ECE/385/ece-385-run3/run3/workspace/mb_usb_hdmi_top/export/mb_usb_hdmi_top/mb_usb_hdmi_top.xpfm
01:22:45 INFO  : Checking for BSP changes to sync application flags for project 'run3'...
01:22:48 INFO  : The hardware specification used by project 'run3' is out of sync with the platform. Resource files extracted from the hardware specification will be updated.
01:22:48 INFO  : The file 'C:\Users\Arjun\Documents\ECE\385\ece-385-run3\run3\workspace\run3\_ide\bitstream\mb_usb_hdmi_top.bit' stored in project is removed.
01:22:48 INFO  : The file 'C:\Users\Arjun\Documents\ECE\385\ece-385-run3\run3\workspace\run3\_ide\bitstream\mb_usb_hdmi_top.mmi' stored in project is removed.
01:22:48 INFO  : The updated bitstream files are copied from platform to folder 'C:\Users\Arjun\Documents\ECE\385\ece-385-run3\run3\workspace\run3\_ide\bitstream' in project 'run3'.
01:22:55 INFO  : Connected to target on host '127.0.0.1' and port '3121'.
01:22:55 INFO  : Jtag cable 'RealDigital Boo 8874292300A7A' is selected.
01:22:55 INFO  : 'jtag frequency' command is executed.
01:22:55 INFO  : 'targets -set -filter {jtag_cable_name =~ "RealDigital Boo 8874292300A7A" && level==0 && jtag_device_ctx=="jsn1-0362f093-0"}' command is executed.
01:22:56 INFO  : Device configured successfully with "C:/Users/Arjun/Documents/ECE/385/ece-385-run3/run3/workspace/run3/_ide/bitstream/mb_usb_hdmi_top.bit"
01:22:56 INFO  : Context for processor 'microblaze_0' is selected.
01:22:56 INFO  : Hardware design and registers information is loaded from 'C:/Users/Arjun/Documents/ECE/385/ece-385-run3/run3/workspace/mb_usb_hdmi_top/export/mb_usb_hdmi_top/hw/mb_usb_hdmi_top.xsa'.
01:22:56 INFO  : 'configparams mdm-detect-bscan-mask 2' command is executed.
01:22:56 INFO  : Context for processor 'microblaze_0' is selected.
01:22:56 INFO  : System reset is completed.
01:22:59 INFO  : 'after 3000' command is executed.
01:22:59 INFO  : Context for processor 'microblaze_0' is selected.
01:22:59 INFO  : The application 'C:/Users/Arjun/Documents/ECE/385/ece-385-run3/run3/workspace/run3/Debug/run3.elf' is downloaded to processor 'microblaze_0'.
01:22:59 INFO  : ----------------XSDB Script----------------
connect -url tcp:127.0.0.1:3121
targets -set -filter {jtag_cable_name =~ "RealDigital Boo 8874292300A7A" && level==0 && jtag_device_ctx=="jsn1-0362f093-0"}
fpga -file C:/Users/Arjun/Documents/ECE/385/ece-385-run3/run3/workspace/run3/_ide/bitstream/mb_usb_hdmi_top.bit
targets -set -nocase -filter {name =~ "*microblaze*#0" && bscan=="USER2" }
loadhw -hw C:/Users/Arjun/Documents/ECE/385/ece-385-run3/run3/workspace/mb_usb_hdmi_top/export/mb_usb_hdmi_top/hw/mb_usb_hdmi_top.xsa -regs
configparams mdm-detect-bscan-mask 2
targets -set -nocase -filter {name =~ "*microblaze*#0" && bscan=="USER2" }
rst -system
after 3000
targets -set -nocase -filter {name =~ "*microblaze*#0" && bscan=="USER2" }
dow C:/Users/Arjun/Documents/ECE/385/ece-385-run3/run3/workspace/run3/Debug/run3.elf
----------------End of Script----------------

01:22:59 INFO  : Context for processor 'microblaze_0' is selected.
01:23:00 INFO  : 'con' command is executed.
01:23:00 INFO  : ----------------XSDB Script (After Launch)----------------
targets -set -nocase -filter {name =~ "*microblaze*#0" && bscan=="USER2" }
con
----------------End of Script----------------

01:23:00 INFO  : Disconnected from the channel tcfchan#21.
12:56:21 DEBUG : Logs will be stored at 'C:/Users/Arjun/Documents/ECE/385/ece-385-run3/run3/workspace/IDE.log'.
12:56:23 INFO  : Launching XSCT server: xsct.bat -n  -interactive C:\Users\Arjun\Documents\ECE\385\ece-385-run3\run3\workspace\temp_xsdb_launch_script.tcl
12:56:30 INFO  : XSCT server has started successfully.
12:56:30 INFO  : plnx-install-location is set to ''
12:56:30 INFO  : Successfully done setting XSCT server connection channel  
12:56:30 INFO  : Successfully done setting workspace for the tool. 
12:56:33 INFO  : Platform repository initialization has completed.
12:56:34 INFO  : Registering command handlers for Vitis TCF services
